android/app/build/intermediates/manifest_merge_blame_file/debug/manifest-merger-blame-debug-report.txt
1<?xml version="1.0" encoding="utf-8"?>
2<manifest xmlns:android="http://schemas.android.com/apk/res/android"
3    package="com.sgambato.nutritionwise"
4    android:versionCode="1"
5    android:versionName="1.0" >
6
7    <uses-sdk
8        android:minSdkVersion="22"
8-->src\main\AndroidManifest.xml
9        android:targetSdkVersion="33" />
9-->src\main\AndroidManifest.xml
10
11    <!-- Permissions -->
12    <uses-permission android:name="android.permission.INTERNET" />
12-->src\main\AndroidManifest.xml:39:5-67
12-->src\main\AndroidManifest.xml:39:22-64
13    <uses-permission android:name="android.permission.POST_NOTIFICATIONS" />
13-->src\main\AndroidManifest.xml:40:5-77
13-->src\main\AndroidManifest.xml:40:22-74
14    <uses-permission android:name="android.permission.VIBRATE" />
14-->src\main\AndroidManifest.xml:41:5-66
14-->src\main\AndroidManifest.xml:41:22-63
15    <uses-permission android:name="android.permission.RECEIVE_BOOT_COMPLETED" />
15-->src\main\AndroidManifest.xml:42:5-81
15-->src\main\AndroidManifest.xml:42:22-78
16    <uses-permission android:name="android.permission.WAKE_LOCK" />
16-->[:capacitor-local-notifications] AndroidManifest.xml:8:5-68
16-->[:capacitor-local-notifications] AndroidManifest.xml:8:22-65
17
18    <permission
18-->[androidx.core:core:1.10.0] AndroidManifest.xml:22:5-24:47
19        android:name="com.sgambato.nutritionwise.DYNAMIC_RECEIVER_NOT_EXPORTED_PERMISSION"
19-->[androidx.core:core:1.10.0] AndroidManifest.xml:23:9-81
20        android:protectionLevel="signature" />
20-->[androidx.core:core:1.10.0] AndroidManifest.xml:24:9-44
21
22    <uses-permission android:name="com.sgambato.nutritionwise.DYNAMIC_RECEIVER_NOT_EXPORTED_PERMISSION" />
22-->[androidx.core:core:1.10.0] AndroidManifest.xml:26:5-97
22-->[androidx.core:core:1.10.0] AndroidManifest.xml:26:22-94
23    <uses-permission android:name="android.permission.CAMERA" /> <!-- Don't require camera, as this requires a rear camera. This allows it to work on the Nexus 7 -->
23-->[com.journeyapps:zxing-android-embedded:4.3.0] AndroidManifest.xml:22:5-65
23-->[com.journeyapps:zxing-android-embedded:4.3.0] AndroidManifest.xml:22:22-62
24    <uses-feature
24-->[com.journeyapps:zxing-android-embedded:4.3.0] AndroidManifest.xml:25:5-27:36
25        android:name="android.hardware.camera"
25-->[com.journeyapps:zxing-android-embedded:4.3.0] AndroidManifest.xml:26:9-47
26        android:required="false" />
26-->[com.journeyapps:zxing-android-embedded:4.3.0] AndroidManifest.xml:27:9-33
27    <uses-feature
27-->[com.journeyapps:zxing-android-embedded:4.3.0] AndroidManifest.xml:28:5-30:36
28        android:name="android.hardware.camera.front"
28-->[com.journeyapps:zxing-android-embedded:4.3.0] AndroidManifest.xml:29:9-53
29        android:required="false" /> <!-- TODO replace above two with next line after Android 4.2 -->
29-->[com.journeyapps:zxing-android-embedded:4.3.0] AndroidManifest.xml:30:9-33
30    <!-- <uses-feature android:name="android.hardware.camera.any"/> -->
31    <uses-feature
31-->[com.journeyapps:zxing-android-embedded:4.3.0] AndroidManifest.xml:33:5-35:36
32        android:name="android.hardware.camera.autofocus"
32-->[com.journeyapps:zxing-android-embedded:4.3.0] AndroidManifest.xml:34:9-57
33        android:required="false" />
33-->[com.journeyapps:zxing-android-embedded:4.3.0] AndroidManifest.xml:35:9-33
34    <uses-feature
34-->[com.journeyapps:zxing-android-embedded:4.3.0] AndroidManifest.xml:36:5-38:36
35        android:name="android.hardware.camera.flash"
35-->[com.journeyapps:zxing-android-embedded:4.3.0] AndroidManifest.xml:37:9-53
36        android:required="false" />
36-->[com.journeyapps:zxing-android-embedded:4.3.0] AndroidManifest.xml:38:9-33
37    <uses-feature
37-->[com.journeyapps:zxing-android-embedded:4.3.0] AndroidManifest.xml:39:5-41:36
38        android:name="android.hardware.screen.landscape"
38-->[com.journeyapps:zxing-android-embedded:4.3.0] AndroidManifest.xml:40:9-57
39        android:required="false" />
39-->[com.journeyapps:zxing-android-embedded:4.3.0] AndroidManifest.xml:41:9-33
40    <uses-feature
40-->[com.journeyapps:zxing-android-embedded:4.3.0] AndroidManifest.xml:42:5-44:36
41        android:name="android.hardware.wifi"
41-->[com.journeyapps:zxing-android-embedded:4.3.0] AndroidManifest.xml:43:9-45
42        android:required="false" />
42-->[com.journeyapps:zxing-android-embedded:4.3.0] AndroidManifest.xml:44:9-33
43
44    <application
44-->src\main\AndroidManifest.xml:4:5-36:19
45        android:allowBackup="true"
45-->src\main\AndroidManifest.xml:5:9-35
46        android:appComponentFactory="androidx.core.app.CoreComponentFactory"
46-->[androidx.core:core:1.10.0] AndroidManifest.xml:28:18-86
47        android:debuggable="true"
48        android:icon="@mipmap/ic_launcher"
48-->src\main\AndroidManifest.xml:6:9-43
49        android:label="@string/app_name"
49-->src\main\AndroidManifest.xml:7:9-41
50        android:roundIcon="@mipmap/ic_launcher_round"
50-->src\main\AndroidManifest.xml:8:9-54
51        android:supportsRtl="true"
51-->src\main\AndroidManifest.xml:9:9-35
52        android:theme="@style/AppTheme" >
52-->src\main\AndroidManifest.xml:10:9-40
53        <activity
53-->src\main\AndroidManifest.xml:12:9-25:20
54            android:name="com.sgambato.nutritionwise.MainActivity"
54-->src\main\AndroidManifest.xml:14:13-41
55            android:configChanges="orientation|keyboardHidden|keyboard|screenSize|locale|smallestScreenSize|screenLayout|uiMode"
55-->src\main\AndroidManifest.xml:13:13-129
56            android:exported="true"
56-->src\main\AndroidManifest.xml:18:13-36
57            android:label="@string/title_activity_main"
57-->src\main\AndroidManifest.xml:15:13-56
58            android:launchMode="singleTask"
58-->src\main\AndroidManifest.xml:17:13-44
59            android:theme="@style/AppTheme.NoActionBarLaunch" >
59-->src\main\AndroidManifest.xml:16:13-62
60            <intent-filter>
60-->src\main\AndroidManifest.xml:20:13-23:29
61                <action android:name="android.intent.action.MAIN" />
61-->src\main\AndroidManifest.xml:21:17-69
61-->src\main\AndroidManifest.xml:21:25-66
62
63                <category android:name="android.intent.category.LAUNCHER" />
63-->src\main\AndroidManifest.xml:22:17-77
63-->src\main\AndroidManifest.xml:22:27-74
64            </intent-filter>
65        </activity>
66
67        <provider
68            android:name="androidx.core.content.FileProvider"
68-->src\main\AndroidManifest.xml:28:13-62
69            android:authorities="com.sgambato.nutritionwise.fileprovider"
69-->src\main\AndroidManifest.xml:29:13-64
70            android:exported="false"
70-->src\main\AndroidManifest.xml:30:13-37
71            android:grantUriPermissions="true" >
71-->src\main\AndroidManifest.xml:31:13-47
72            <meta-data
72-->src\main\AndroidManifest.xml:32:13-34:64
73                android:name="android.support.FILE_PROVIDER_PATHS"
73-->src\main\AndroidManifest.xml:33:17-67
74                android:resource="@xml/file_paths" />
74-->src\main\AndroidManifest.xml:34:17-51
75        </provider>
76
77        <receiver android:name="com.capacitorjs.plugins.localnotifications.TimedNotificationPublisher" />
77-->[:capacitor-local-notifications] AndroidManifest.xml:12:9-106
77-->[:capacitor-local-notifications] AndroidManifest.xml:12:19-103
78        <receiver android:name="com.capacitorjs.plugins.localnotifications.NotificationDismissReceiver" />
78-->[:capacitor-local-notifications] AndroidManifest.xml:13:9-107
78-->[:capacitor-local-notifications] AndroidManifest.xml:13:19-104
79        <receiver
79-->[:capacitor-local-notifications] AndroidManifest.xml:14:9-23:20
80            android:name="com.capacitorjs.plugins.localnotifications.LocalNotificationRestoreReceiver"
80-->[:capacitor-local-notifications] AndroidManifest.xml:15:13-103
81            android:directBootAware="true"
81-->[:capacitor-local-notifications] AndroidManifest.xml:16:13-43
82            android:exported="false" >
82-->[:capacitor-local-notifications] AndroidManifest.xml:17:13-37
83            <intent-filter>
83-->[:capacitor-local-notifications] AndroidManifest.xml:18:13-22:29
84                <action android:name="android.intent.action.LOCKED_BOOT_COMPLETED" />
84-->[:capacitor-local-notifications] AndroidManifest.xml:19:17-86
84-->[:capacitor-local-notifications] AndroidManifest.xml:19:25-83
85                <action android:name="android.intent.action.BOOT_COMPLETED" />
85-->[:capacitor-local-notifications] AndroidManifest.xml:20:17-79
85-->[:capacitor-local-notifications] AndroidManifest.xml:20:25-76
86                <action android:name="android.intent.action.QUICKBOOT_POWERON" />
86-->[:capacitor-local-notifications] AndroidManifest.xml:21:17-82
86-->[:capacitor-local-notifications] AndroidManifest.xml:21:25-79
87            </intent-filter>
88        </receiver>
89
90        <provider
90-->[androidx.emoji2:emoji2:1.2.0] AndroidManifest.xml:24:9-32:20
91            android:name="androidx.startup.InitializationProvider"
91-->[androidx.emoji2:emoji2:1.2.0] AndroidManifest.xml:25:13-67
92            android:authorities="com.sgambato.nutritionwise.androidx-startup"
92-->[androidx.emoji2:emoji2:1.2.0] AndroidManifest.xml:26:13-68
93            android:exported="false" >
93-->[androidx.emoji2:emoji2:1.2.0] AndroidManifest.xml:27:13-37
94            <meta-data
94-->[androidx.emoji2:emoji2:1.2.0] AndroidManifest.xml:29:13-31:52
95                android:name="androidx.emoji2.text.EmojiCompatInitializer"
95-->[androidx.emoji2:emoji2:1.2.0] AndroidManifest.xml:30:17-75
96                android:value="androidx.startup" />
96-->[androidx.emoji2:emoji2:1.2.0] AndroidManifest.xml:31:17-49
97            <meta-data
97-->[androidx.lifecycle:lifecycle-process:2.6.1] AndroidManifest.xml:29:13-31:52
98                android:name="androidx.lifecycle.ProcessLifecycleInitializer"
98-->[androidx.lifecycle:lifecycle-process:2.6.1] AndroidManifest.xml:30:17-78
99                android:value="androidx.startup" />
99-->[androidx.lifecycle:lifecycle-process:2.6.1] AndroidManifest.xml:31:17-49
100            <meta-data
100-->[androidx.profileinstaller:profileinstaller:1.3.0] AndroidManifest.xml:29:13-31:52
101                android:name="androidx.profileinstaller.ProfileInstallerInitializer"
101-->[androidx.profileinstaller:profileinstaller:1.3.0] AndroidManifest.xml:30:17-85
102                android:value="androidx.startup" />
102-->[androidx.profileinstaller:profileinstaller:1.3.0] AndroidManifest.xml:31:17-49
103        </provider>
104
105        <receiver
105-->[androidx.profileinstaller:profileinstaller:1.3.0] AndroidManifest.xml:34:9-52:20
106            android:name="androidx.profileinstaller.ProfileInstallReceiver"
106-->[androidx.profileinstaller:profileinstaller:1.3.0] AndroidManifest.xml:35:13-76
107            android:directBootAware="false"
107-->[androidx.profileinstaller:profileinstaller:1.3.0] AndroidManifest.xml:36:13-44
108            android:enabled="true"
108-->[androidx.profileinstaller:profileinstaller:1.3.0] AndroidManifest.xml:37:13-35
109            android:exported="true"
109-->[androidx.profileinstaller:profileinstaller:1.3.0] AndroidManifest.xml:38:13-36
110            android:permission="android.permission.DUMP" >
110-->[androidx.profileinstaller:profileinstaller:1.3.0] AndroidManifest.xml:39:13-57
111            <intent-filter>
111-->[androidx.profileinstaller:profileinstaller:1.3.0] AndroidManifest.xml:40:13-42:29
112                <action android:name="androidx.profileinstaller.action.INSTALL_PROFILE" />
112-->[androidx.profileinstaller:profileinstaller:1.3.0] AndroidManifest.xml:41:17-91
112-->[androidx.profileinstaller:profileinstaller:1.3.0] AndroidManifest.xml:41:25-88
113            </intent-filter>
114            <intent-filter>
114-->[androidx.profileinstaller:profileinstaller:1.3.0] AndroidManifest.xml:43:13-45:29
115                <action android:name="androidx.profileinstaller.action.SKIP_FILE" />
115-->[androidx.profileinstaller:profileinstaller:1.3.0] AndroidManifest.xml:44:17-85
115-->[androidx.profileinstaller:profileinstaller:1.3.0] AndroidManifest.xml:44:25-82
116            </intent-filter>
117            <intent-filter>
117-->[androidx.profileinstaller:profileinstaller:1.3.0] AndroidManifest.xml:46:13-48:29
118                <action android:name="androidx.profileinstaller.action.SAVE_PROFILE" />
118-->[androidx.profileinstaller:profileinstaller:1.3.0] AndroidManifest.xml:47:17-88
118-->[androidx.profileinstaller:profileinstaller:1.3.0] AndroidManifest.xml:47:25-85
119            </intent-filter>
120            <intent-filter>
120-->[androidx.profileinstaller:profileinstaller:1.3.0] AndroidManifest.xml:49:13-51:29
121                <action android:name="androidx.profileinstaller.action.BENCHMARK_OPERATION" />
121-->[androidx.profileinstaller:profileinstaller:1.3.0] AndroidManifest.xml:50:17-95
121-->[androidx.profileinstaller:profileinstaller:1.3.0] AndroidManifest.xml:50:25-92
122            </intent-filter>
123        </receiver>
124
125        <activity
125-->[com.journeyapps:zxing-android-embedded:4.3.0] AndroidManifest.xml:47:9-53:63
126            android:name="com.journeyapps.barcodescanner.CaptureActivity"
126-->[com.journeyapps:zxing-android-embedded:4.3.0] AndroidManifest.xml:48:13-74
127            android:clearTaskOnLaunch="true"
127-->[com.journeyapps:zxing-android-embedded:4.3.0] AndroidManifest.xml:49:13-45
128            android:screenOrientation="sensorLandscape"
128-->[com.journeyapps:zxing-android-embedded:4.3.0] AndroidManifest.xml:50:13-56
129            android:stateNotNeeded="true"
129-->[com.journeyapps:zxing-android-embedded:4.3.0] AndroidManifest.xml:51:13-42
130            android:theme="@style/zxing_CaptureTheme"
130-->[com.journeyapps:zxing-android-embedded:4.3.0] AndroidManifest.xml:52:13-54
131            android:windowSoftInputMode="stateAlwaysHidden" />
131-->[com.journeyapps:zxing-android-embedded:4.3.0] AndroidManifest.xml:53:13-60
132    </application>
133
134</manifest>